<?xml version="1.0" encoding="UTF-8"?>
<!-- Generated by org.testng.reporters.JUnitReportReporter -->
<testsuite hostname="TeamOs-PC" failures="0" tests="3" name="events.Login" time="4.707" errors="0" timestamp="2021-08-26T14:28:55 BDT" skipped="0">
  <testcase classname="events.Login" name="enterLoginEmail" time="1.435"/>
  <system-out/>
  <testcase classname="events.Login" name="enterLoginPassword" time="1.140"/>
  <system-out/>
  <testcase classname="events.Login" name="clickLoginButton" time="2.132"/>
  <system-out/>
</testsuite> <!-- events.Login -->
